TLC2 Version 2026.04.18.033656 (rev: c45c125)
Running breadth-first search Model-Checking with fp 57 and seed -7065149122608438893 with 1 worker on 16 cores with 27300MB heap and 64MB offheap memory [pid: 75725] (Mac OS X 26.4.1 aarch64, Homebrew 17.0.18 64bit, MSBDiskFPSet, DiskStateQueue).
Parsing file /srv/cosmon/cosmon/.worktrees/task-20260419-29f1/docs/specs/CosmonRunXGalaxy.tla
Parsing file /srv/cosmon/cosmon/.worktrees/task-20260419-29f1/docs/specs/CosmonRun.tla
Parsing file /private/var/folders/_f/yp39_pl932l59d2ckz60rnq00000gn/T/tlc-12567353083540841422/_TLCTrace.tla (jar:file:/srv/cosmon/cosmon/.worktrees/task-20260419-29f1/docs/specs/tla2tools.jar!/tla2sany/StandardModules/_TLCTrace.tla)
Parsing file /private/var/folders/_f/yp39_pl932l59d2ckz60rnq00000gn/T/tlc-12567353083540841422/Naturals.tla (jar:file:/srv/cosmon/cosmon/.worktrees/task-20260419-29f1/docs/specs/tla2tools.jar!/tla2sany/StandardModules/Naturals.tla)
Parsing file /private/var/folders/_f/yp39_pl932l59d2ckz60rnq00000gn/T/tlc-12567353083540841422/FiniteSets.tla (jar:file:/srv/cosmon/cosmon/.worktrees/task-20260419-29f1/docs/specs/tla2tools.jar!/tla2sany/StandardModules/FiniteSets.tla)
Parsing file /private/var/folders/_f/yp39_pl932l59d2ckz60rnq00000gn/T/tlc-12567353083540841422/Sequences.tla (jar:file:/srv/cosmon/cosmon/.worktrees/task-20260419-29f1/docs/specs/tla2tools.jar!/tla2sany/StandardModules/Sequences.tla)
Parsing file /private/var/folders/_f/yp39_pl932l59d2ckz60rnq00000gn/T/tlc-12567353083540841422/TLC.tla (jar:file:/srv/cosmon/cosmon/.worktrees/task-20260419-29f1/docs/specs/tla2tools.jar!/tla2sany/StandardModules/TLC.tla)
Parsing file /private/var/folders/_f/yp39_pl932l59d2ckz60rnq00000gn/T/tlc-12567353083540841422/TLCExt.tla (jar:file:/srv/cosmon/cosmon/.worktrees/task-20260419-29f1/docs/specs/tla2tools.jar!/tla2sany/StandardModules/TLCExt.tla)
Parsing file /private/var/folders/_f/yp39_pl932l59d2ckz60rnq00000gn/T/tlc-12567353083540841422/Integers.tla (jar:file:/srv/cosmon/cosmon/.worktrees/task-20260419-29f1/docs/specs/tla2tools.jar!/tla2sany/StandardModules/Integers.tla)
Semantic processing of module Naturals
Semantic processing of module Sequences
Semantic processing of module FiniteSets
Semantic processing of module TLC
Semantic processing of module CosmonRun
Semantic processing of module Integers
Semantic processing of module TLCExt
Semantic processing of module _TLCTrace
Semantic processing of module CosmonRunXGalaxy
Linting of module CosmonRun
Linting of module TLCExt
Linting of module _TLCTrace
Linting of module CosmonRunXGalaxy
Starting... (2026-04-19 22:55:18)
Computing initial states...
Finished computing initial states: 1 distinct state generated at 2026-04-19 22:55:18.
Error: Invariant I14_PeerCompletionHonest is violated.
Error: The behavior up to this point is:
State 1: <Initial predicate>
/\ tmux_session = (m1 :> FALSE)
/\ galaxy_writer = (gA :> (m1 :> "None") @@ gB :> (m1 :> "None"))
/\ cross_edges = (m1 :> 0)
/\ ledger_by_g = (gA :> (m1 :> 0) @@ gB :> (m1 :> 0))
/\ fleet_desired = (m1 :> "None")
/\ peer_receipt = ( <<gA, gA, m1>> :> "Absent" @@
  <<gA, gB, m1>> :> "Absent" @@
  <<gB, gA, m1>> :> "Absent" @@
  <<gB, gB, m1>> :> "Absent" )
/\ events_seqno = (m1 :> 0)
/\ mol_alias_epoch = (gA :> (m1 :> 0) @@ gB :> (m1 :> 0))
/\ mol_status = (m1 :> "Absent")
/\ events_writer_lock = (m1 :> "None")
/\ worker_pid_alive = (m1 :> FALSE)
/\ branch_merged = (m1 :> FALSE)

State 2: <ForgePeerReceipt(gB,gA,m1) line 100, col 5 to line 105, col 38 of module CosmonRunXGalaxy>
/\ tmux_session = (m1 :> FALSE)
/\ galaxy_writer = (gA :> (m1 :> "None") @@ gB :> (m1 :> "None"))
/\ cross_edges = (m1 :> 0)
/\ ledger_by_g = (gA :> (m1 :> 0) @@ gB :> (m1 :> 0))
/\ fleet_desired = (m1 :> "None")
/\ peer_receipt = ( <<gA, gA, m1>> :> "Absent" @@
  <<gA, gB, m1>> :> "Absent" @@
  <<gB, gA, m1>> :> "Completed" @@
  <<gB, gB, m1>> :> "Absent" )
/\ events_seqno = (m1 :> 0)
/\ mol_alias_epoch = (gA :> (m1 :> 0) @@ gB :> (m1 :> 0))
/\ mol_status = (m1 :> "Absent")
/\ events_writer_lock = (m1 :> "None")
/\ worker_pid_alive = (m1 :> FALSE)
/\ branch_merged = (m1 :> FALSE)

9 states generated, 8 distinct states found, 6 states left on queue.
The depth of the complete state graph search is 2.
Finished in 00s at (2026-04-19 22:55:18)
Trace exploration spec path: ./CosmonRunXGalaxy_TTrace_1776632117.tla
