TLC2 Version 2026.04.18.033656 (rev: c45c125)
Running breadth-first search Model-Checking with fp 16 and seed -6302930271278622250 with 16 workers on 16 cores with 27300MB heap and 64MB offheap memory [pid: 84574] (Mac OS X 26.4.1 aarch64, Homebrew 21.0.8 64bit, MSBDiskFPSet, DiskStateQueue).
Parsing file /srv/cosmon/cosmon/.worktrees/task-20260419-af4c/docs/specs/CosmonRun.tla
Parsing file /private/var/folders/_f/yp39_pl932l59d2ckz60rnq00000gn/T/tlc-7643035149707355173/Naturals.tla (jar:file:/srv/cosmon/cosmon/.worktrees/task-20260419-af4c/docs/specs/tla2tools.jar!/tla2sany/StandardModules/Naturals.tla)
Parsing file /private/var/folders/_f/yp39_pl932l59d2ckz60rnq00000gn/T/tlc-7643035149707355173/FiniteSets.tla (jar:file:/srv/cosmon/cosmon/.worktrees/task-20260419-af4c/docs/specs/tla2tools.jar!/tla2sany/StandardModules/FiniteSets.tla)
Parsing file /private/var/folders/_f/yp39_pl932l59d2ckz60rnq00000gn/T/tlc-7643035149707355173/Sequences.tla (jar:file:/srv/cosmon/cosmon/.worktrees/task-20260419-af4c/docs/specs/tla2tools.jar!/tla2sany/StandardModules/Sequences.tla)
Parsing file /private/var/folders/_f/yp39_pl932l59d2ckz60rnq00000gn/T/tlc-7643035149707355173/TLC.tla (jar:file:/srv/cosmon/cosmon/.worktrees/task-20260419-af4c/docs/specs/tla2tools.jar!/tla2sany/StandardModules/TLC.tla)
Parsing file /private/var/folders/_f/yp39_pl932l59d2ckz60rnq00000gn/T/tlc-7643035149707355173/_TLCTrace.tla (jar:file:/srv/cosmon/cosmon/.worktrees/task-20260419-af4c/docs/specs/tla2tools.jar!/tla2sany/StandardModules/_TLCTrace.tla)
Parsing file /private/var/folders/_f/yp39_pl932l59d2ckz60rnq00000gn/T/tlc-7643035149707355173/TLCExt.tla (jar:file:/srv/cosmon/cosmon/.worktrees/task-20260419-af4c/docs/specs/tla2tools.jar!/tla2sany/StandardModules/TLCExt.tla)
Parsing file /private/var/folders/_f/yp39_pl932l59d2ckz60rnq00000gn/T/tlc-7643035149707355173/Integers.tla (jar:file:/srv/cosmon/cosmon/.worktrees/task-20260419-af4c/docs/specs/tla2tools.jar!/tla2sany/StandardModules/Integers.tla)
Semantic processing of module Naturals
Semantic processing of module Sequences
Semantic processing of module FiniteSets
Semantic processing of module TLC
Semantic processing of module Integers
Semantic processing of module TLCExt
Semantic processing of module _TLCTrace
Semantic processing of module CosmonRun
Linting of module TLCExt
Linting of module _TLCTrace
Linting of module CosmonRun
Starting... (2026-04-19 17:29:53)
Computing initial states...
Finished computing initial states: 1 distinct state generated at 2026-04-19 17:29:53.
Error: Invariant I3_FleetMirrorsSession is violated.
Error: The behavior up to this point is:
State 1: <Initial predicate>
/\ tmux_session = (m1 :> FALSE @@ m2 :> FALSE @@ m3 :> FALSE)
/\ fleet_desired = (m1 :> "None" @@ m2 :> "None" @@ m3 :> "None")
/\ events_seqno = (m1 :> 0 @@ m2 :> 0 @@ m3 :> 0)
/\ mol_status = (m1 :> "Absent" @@ m2 :> "Absent" @@ m3 :> "Absent")
/\ events_writer_lock = (m1 :> "None" @@ m2 :> "None" @@ m3 :> "None")
/\ worker_pid_alive = (m1 :> FALSE @@ m2 :> FALSE @@ m3 :> FALSE)
/\ branch_merged = (m1 :> FALSE @@ m2 :> FALSE @@ m3 :> FALSE)

State 2: <Nucleate(m1) line 58, col 16 to line 61, col 79 of module CosmonRun>
/\ tmux_session = (m1 :> FALSE @@ m2 :> FALSE @@ m3 :> FALSE)
/\ fleet_desired = (m1 :> "None" @@ m2 :> "None" @@ m3 :> "None")
/\ events_seqno = (m1 :> 0 @@ m2 :> 0 @@ m3 :> 0)
/\ mol_status = (m1 :> "Pending" @@ m2 :> "Absent" @@ m3 :> "Absent")
/\ events_writer_lock = (m1 :> "None" @@ m2 :> "None" @@ m3 :> "None")
/\ worker_pid_alive = (m1 :> FALSE @@ m2 :> FALSE @@ m3 :> FALSE)
/\ branch_merged = (m1 :> FALSE @@ m2 :> FALSE @@ m3 :> FALSE)

State 3: <Tackle(m1) line 63, col 14 to line 68, col 77 of module CosmonRun>
/\ tmux_session = (m1 :> TRUE @@ m2 :> FALSE @@ m3 :> FALSE)
/\ fleet_desired = (m1 :> "Registered" @@ m2 :> "None" @@ m3 :> "None")
/\ events_seqno = (m1 :> 0 @@ m2 :> 0 @@ m3 :> 0)
/\ mol_status = (m1 :> "Running" @@ m2 :> "Absent" @@ m3 :> "Absent")
/\ events_writer_lock = (m1 :> "None" @@ m2 :> "None" @@ m3 :> "None")
/\ worker_pid_alive = (m1 :> TRUE @@ m2 :> FALSE @@ m3 :> FALSE)
/\ branch_merged = (m1 :> FALSE @@ m2 :> FALSE @@ m3 :> FALSE)

State 4: <TmuxCrash(m1) line 127, col 17 to line 131, col 80 of module CosmonRun>
/\ tmux_session = (m1 :> FALSE @@ m2 :> FALSE @@ m3 :> FALSE)
/\ fleet_desired = (m1 :> "Registered" @@ m2 :> "None" @@ m3 :> "None")
/\ events_seqno = (m1 :> 0 @@ m2 :> 0 @@ m3 :> 0)
/\ mol_status = (m1 :> "Running" @@ m2 :> "Absent" @@ m3 :> "Absent")
/\ events_writer_lock = (m1 :> "None" @@ m2 :> "None" @@ m3 :> "None")
/\ worker_pid_alive = (m1 :> TRUE @@ m2 :> FALSE @@ m3 :> FALSE)
/\ branch_merged = (m1 :> FALSE @@ m2 :> FALSE @@ m3 :> FALSE)

176 states generated, 131 distinct states found, 74 states left on queue.
The depth of the complete state graph search is 7.
Finished in 00s at (2026-04-19 17:29:53)
Trace exploration spec path: ./CosmonRun_TTrace_1776612593.tla
