TLC2 Version 2026.04.18.033656 (rev: c45c125)
Running breadth-first search Model-Checking with fp 115 and seed 2608438762010541794 with 16 workers on 16 cores with 27300MB heap and 64MB offheap memory [pid: 83694] (Mac OS X 26.4.1 aarch64, Homebrew 21.0.8 64bit, MSBDiskFPSet, DiskStateQueue).
Parsing file /srv/cosmon/cosmon/.worktrees/task-20260419-af4c/docs/specs/CosmonRun.tla
Parsing file /private/var/folders/_f/yp39_pl932l59d2ckz60rnq00000gn/T/tlc-4541846566811063719/Naturals.tla (jar:file:/srv/cosmon/cosmon/.worktrees/task-20260419-af4c/docs/specs/tla2tools.jar!/tla2sany/StandardModules/Naturals.tla)
Parsing file /private/var/folders/_f/yp39_pl932l59d2ckz60rnq00000gn/T/tlc-4541846566811063719/FiniteSets.tla (jar:file:/srv/cosmon/cosmon/.worktrees/task-20260419-af4c/docs/specs/tla2tools.jar!/tla2sany/StandardModules/FiniteSets.tla)
Parsing file /private/var/folders/_f/yp39_pl932l59d2ckz60rnq00000gn/T/tlc-4541846566811063719/Sequences.tla (jar:file:/srv/cosmon/cosmon/.worktrees/task-20260419-af4c/docs/specs/tla2tools.jar!/tla2sany/StandardModules/Sequences.tla)
Parsing file /private/var/folders/_f/yp39_pl932l59d2ckz60rnq00000gn/T/tlc-4541846566811063719/TLC.tla (jar:file:/srv/cosmon/cosmon/.worktrees/task-20260419-af4c/docs/specs/tla2tools.jar!/tla2sany/StandardModules/TLC.tla)
Parsing file /private/var/folders/_f/yp39_pl932l59d2ckz60rnq00000gn/T/tlc-4541846566811063719/_TLCTrace.tla (jar:file:/srv/cosmon/cosmon/.worktrees/task-20260419-af4c/docs/specs/tla2tools.jar!/tla2sany/StandardModules/_TLCTrace.tla)
Parsing file /private/var/folders/_f/yp39_pl932l59d2ckz60rnq00000gn/T/tlc-4541846566811063719/TLCExt.tla (jar:file:/srv/cosmon/cosmon/.worktrees/task-20260419-af4c/docs/specs/tla2tools.jar!/tla2sany/StandardModules/TLCExt.tla)
Parsing file /private/var/folders/_f/yp39_pl932l59d2ckz60rnq00000gn/T/tlc-4541846566811063719/Integers.tla (jar:file:/srv/cosmon/cosmon/.worktrees/task-20260419-af4c/docs/specs/tla2tools.jar!/tla2sany/StandardModules/Integers.tla)
Semantic processing of module Naturals
Semantic processing of module Sequences
Semantic processing of module FiniteSets
Semantic processing of module TLC
Semantic processing of module Integers
Semantic processing of module TLCExt
Semantic processing of module _TLCTrace
Semantic processing of module CosmonRun
Linting of module TLCExt
Linting of module _TLCTrace
Linting of module CosmonRun
Starting... (2026-04-19 17:28:12)
Computing initial states...
Finished computing initial states: 1 distinct state generated at 2026-04-19 17:28:12.
Error: Invariant I9_BranchMergedOnlyIfCompleted is violated.
Error: The behavior up to this point is:
State 1: <Initial predicate>
/\ tmux_session = (m1 :> FALSE)
/\ fleet_desired = (m1 :> "None")
/\ events_seqno = (m1 :> 0)
/\ mol_status = (m1 :> "Absent")
/\ events_writer_lock = (m1 :> "None")
/\ worker_pid_alive = (m1 :> FALSE)
/\ branch_merged = (m1 :> FALSE)

State 2: <Nucleate(m1) line 58, col 16 to line 61, col 79 of module CosmonRun>
/\ tmux_session = (m1 :> FALSE)
/\ fleet_desired = (m1 :> "None")
/\ events_seqno = (m1 :> 0)
/\ mol_status = (m1 :> "Pending")
/\ events_writer_lock = (m1 :> "None")
/\ worker_pid_alive = (m1 :> FALSE)
/\ branch_merged = (m1 :> FALSE)

State 3: <BypassMerge(m1) line 144, col 19 to line 148, col 85 of module CosmonRun>
/\ tmux_session = (m1 :> FALSE)
/\ fleet_desired = (m1 :> "None")
/\ events_seqno = (m1 :> 0)
/\ mol_status = (m1 :> "Pending")
/\ events_writer_lock = (m1 :> "None")
/\ worker_pid_alive = (m1 :> FALSE)
/\ branch_merged = (m1 :> TRUE)

43 states generated, 28 distinct states found, 0 states left on queue.
The depth of the complete state graph search is 7.
Finished in 00s at (2026-04-19 17:28:12)
Trace exploration spec path: ./CosmonRun_TTrace_1776612491.tla
